#
# There is insufficient memory for the Java Runtime Environment to continue.
# Native memory allocation (malloc) failed to allocate 557776 bytes for Chunk::new
# Possible reasons:
#   The system is out of physical RAM or swap space
#   In 32 bit mode, the process size limit was hit
# Possible solutions:
#   Reduce memory load on the system
#   Increase physical memory or swap space
#   Check if swap backing store is full
#   Use 64 bit Java on a 64 bit OS
#   Decrease Java heap size (-Xmx/-Xms)
#   Decrease number of Java threads
#   Decrease Java thread stack sizes (-Xss)
#   Set larger code cache with -XX:ReservedCodeCacheSize=
# This output file may be truncated or incomplete.
#
#  Out of Memory Error (allocation.cpp:390), pid=9852, tid=0x0000000000002ab4
#
# JRE version: Java(TM) SE Runtime Environment (8.0_152-b16) (build 1.8.0_152-b16)
# Java VM: Java HotSpot(TM) 64-Bit Server VM (25.152-b16 mixed mode windows-amd64 compressed oops)
# Failed to write core dump. Minidumps are not enabled by default on client versions of Windows
#

---------------  T H R E A D  ---------------

Current thread (0x0000000018f2b000):  JavaThread "C2 CompilerThread0" daemon [_thread_in_native, id=10932, stack(0x000000001a8b0000,0x000000001a9b0000)]

Stack: [0x000000001a8b0000,0x000000001a9b0000]
[error occurred during error reporting (printing stack bounds), id 0xc0000005]

Native frames: (J=compiled Java code, j=interpreted, Vv=VM code, C=native code)


Current CompileTask:
C2:   9783 3000   !   4       com.sun.org.apache.xerces.internal.impl.XMLDocumentFragmentScannerImpl$FragmentContentDriver::next (2346 bytes)


---------------  P R O C E S S  ---------------

Java Threads: ( => current thread )
  0x000000001bd9b800 JavaThread "Cache worker for Artifact transforms cache (C:\Users\LeeBeomWoo\.gradle\caches\transforms-1)" [_thread_blocked, id=12304, stack(0x000000001f9f0000,0x000000001faf0000)]
  0x000000001bda0000 JavaThread "Cache worker for file hash cache (E:\personal\Android_Project\BodyGation\.gradle\4.1\fileHashes)" [_thread_blocked, id=6092, stack(0x000000001e720000,0x000000001e820000)]
  0x000000001bd9a000 JavaThread "File lock request listener" [_thread_in_native, id=6776, stack(0x000000001d650000,0x000000001d750000)]
  0x000000001bd9f800 JavaThread "Cache worker for file hash cache (C:\Users\LeeBeomWoo\.gradle\caches\4.1\fileHashes)" [_thread_blocked, id=15288, stack(0x000000001d550000,0x000000001d650000)]
  0x000000001bd54800 JavaThread "Stdin handler" [_thread_blocked, id=11952, stack(0x000000001d250000,0x000000001d350000)]
  0x000000001bd53800 JavaThread "Asynchronous log dispatcher for DefaultDaemonConnection: socket connection from /127.0.0.1:61782 to /127.0.0.1:61783" [_thread_blocked, id=11628, stack(0x000000001d150000,0x000000001d250000)]
  0x000000001bcfe000 JavaThread "Daemon worker" [_thread_in_vm, id=15236, stack(0x000000001d050000,0x000000001d150000)]
  0x000000001bce5000 JavaThread "Cancel handler" [_thread_blocked, id=6552, stack(0x000000001cf50000,0x000000001d050000)]
  0x000000001bc7e800 JavaThread "Handler for socket connection from /127.0.0.1:61782 to /127.0.0.1:61783" [_thread_in_native, id=7752, stack(0x000000001cc50000,0x000000001cd50000)]
  0x000000001bc7c000 JavaThread "Daemon" [_thread_blocked, id=6452, stack(0x000000001cb50000,0x000000001cc50000)]
  0x000000001bc6a800 JavaThread "Daemon periodic checks" [_thread_blocked, id=11608, stack(0x000000001ca50000,0x000000001cb50000)]
  0x000000001a2dc800 JavaThread "Incoming local TCP Connector on port 61782" [_thread_in_native, id=11736, stack(0x000000001c880000,0x000000001c980000)]
  0x000000001b07a800 JavaThread "Daemon health stats" [_thread_blocked, id=15684, stack(0x000000001c580000,0x000000001c680000)]
  0x000000001a336800 JavaThread "Service Thread" daemon [_thread_blocked, id=7428, stack(0x000000001abb0000,0x000000001acb0000)]
  0x000000001a2bc000 JavaThread "C1 CompilerThread2" daemon [_thread_in_native, id=5228, stack(0x000000001aab0000,0x000000001abb0000)]
  0x000000001a2b9000 JavaThread "C2 CompilerThread1" daemon [_thread_in_native, id=9036, stack(0x000000001a9b0000,0x000000001aab0000)]
=>0x0000000018f2b000 JavaThread "C2 CompilerThread0" daemon [_thread_in_native, id=10932, stack(0x000000001a8b0000,0x000000001a9b0000)]
  0x0000000018ec8000 JavaThread "Attach Listener" daemon [_thread_blocked, id=14952, stack(0x000000001a7b0000,0x000000001a8b0000)]
  0x000000001a2b8800 JavaThread "Signal Dispatcher" daemon [_thread_blocked, id=5940, stack(0x000000001a6b0000,0x000000001a7b0000)]
  0x000000000518d000 JavaThread "Finalizer" daemon [_thread_blocked, id=7916, stack(0x000000001a120000,0x000000001a220000)]
  0x0000000005182000 JavaThread "Reference Handler" daemon [_thread_blocked, id=3312, stack(0x000000001a020000,0x000000001a120000)]
  0x000000000565e800 JavaThread "main" [_thread_blocked, id=7556, stack(0x00000000037c0000,0x00000000038c0000)]

Other Threads:
  0x0000000018e96800 VMThread [stack: 0x0000000019f20000,0x000000001a020000] [id=10956]
  0x000000001a338000 WatcherThread [stack: 0x000000001acb0000,0x000000001adb0000] [id=1052]

VM state:not at safepoint (normal execution)

VM Mutex/Monitor currently owned by a thread: None

Heap:
 PSYoungGen      total 68096K, used 19405K [0x00000000e0000000, 0x00000000e4e80000, 0x0000000100000000)
  eden space 57344K, 19% used [0x00000000e0000000,0x00000000e0b27208,0x00000000e3800000)
  from space 10752K, 74% used [0x00000000e3800000,0x00000000e3fcc398,0x00000000e4280000)
  to   space 11264K, 0% used [0x00000000e4280000,0x00000000e4280000,0x00000000e4d80000)
 ParOldGen       total 57344K, used 9613K [0x00000000a0000000, 0x00000000a3800000, 0x00000000e0000000)
  object space 57344K, 16% used [0x00000000a0000000,0x00000000a09635a0,0x00000000a3800000)
 Metaspace       used 30291K, capacity 30802K, committed 31104K, reserved 1075200K
  class space    used 4215K, capacity 4366K, committed 4480K, reserved 1048576K

Card table byte_map: [0x0000000014a20000,0x0000000014d30000] byte_map_base: 0x0000000014520000

Marking Bits: (ParMarkBitMap*) 0x000000005f480860
 Begin Bits: [0x0000000015230000, 0x0000000016a30000)
 End Bits:   [0x0000000016a30000, 0x0000000018230000)

Polling page: 0x00000000038c0000

CodeCache: size=245760Kb used=11162Kb max_used=11162Kb free=234597Kb
 bounds [0x0000000005660000, 0x0000000006160000, 0x0000000014660000]
 total_blobs=3525 nmethods=2856 adapters=580
 compilation: enabled

Compilation events (10 events):
Event: 9.776 Thread 0x000000001a2bc000 3022       3       org.gradle.internal.component.external.model.DefaultModuleComponentIdentifier::<init> (80 bytes)
Event: 9.776 Thread 0x000000001a2bc000 nmethod 3022 0x000000000614a6d0 code [0x000000000614a840, 0x000000000614aa70]
Event: 9.776 Thread 0x000000001a2bc000 3023       3       java.util.concurrent.atomic.AtomicLong::getAndIncrement (12 bytes)
Event: 9.776 Thread 0x000000001a2bc000 nmethod 3023 0x000000000614ab50 code [0x000000000614aca0, 0x000000000614ae10]
Event: 9.776 Thread 0x000000001a2bc000 3024       1       org.gradle.api.internal.artifacts.ivyservice.resolveengine.graph.DependencyGraphBuilder$ModuleResolveState::getId (5 bytes)
Event: 9.776 Thread 0x000000001a2bc000 nmethod 3024 0x000000000614ae90 code [0x000000000614afe0, 0x000000000614b0f0]
Event: 9.777 Thread 0x000000001a2bc000 3025       1       org.gradle.api.internal.artifacts.DefaultModuleIdentifier::getGroup (5 bytes)
Event: 9.777 Thread 0x000000001a2bc000 nmethod 3025 0x000000000614b150 code [0x000000000614b2a0, 0x000000000614b3b0]
Event: 9.777 Thread 0x000000001a2bc000 3026       1       org.gradle.api.internal.artifacts.DefaultModuleIdentifier::getName (5 bytes)
Event: 9.777 Thread 0x000000001a2bc000 nmethod 3026 0x000000000614b410 code [0x000000000614b560, 0x000000000614b670]

GC Heap History (10 events):
Event: 7.962 GC heap before
{Heap before GC invocations=4 (full 0):
 PSYoungGen      total 37888K, used 37835K [0x00000000e0000000, 0x00000000e2a00000, 0x0000000100000000)
  eden space 32768K, 99% used [0x00000000e0000000,0x00000000e1ff4640,0x00000000e2000000)
  from space 5120K, 99% used [0x00000000e2000000,0x00000000e24fe660,0x00000000e2500000)
  to   space 5120K, 0% used [0x00000000e2500000,0x00000000e2500000,0x00000000e2a00000)
 ParOldGen       total 86016K, used 3686K [0x00000000a0000000, 0x00000000a5400000, 0x00000000e0000000)
  object space 86016K, 4% used [0x00000000a0000000,0x00000000a0399930,0x00000000a5400000)
 Metaspace       used 20789K, capacity 21136K, committed 21248K, reserved 1067008K
  class space    used 2930K, capacity 3053K, committed 3072K, reserved 1048576K
Event: 7.972 GC heap after
Heap after GC invocations=4 (full 0):
 PSYoungGen      total 37888K, used 5101K [0x00000000e0000000, 0x00000000e2a00000, 0x0000000100000000)
  eden space 32768K, 0% used [0x00000000e0000000,0x00000000e0000000,0x00000000e2000000)
  from space 5120K, 99% used [0x00000000e2500000,0x00000000e29fb640,0x00000000e2a00000)
  to   space 5120K, 0% used [0x00000000e2000000,0x00000000e2000000,0x00000000e2500000)
 ParOldGen       total 86016K, used 8394K [0x00000000a0000000, 0x00000000a5400000, 0x00000000e0000000)
  object space 86016K, 9% used [0x00000000a0000000,0x00000000a08328d0,0x00000000a5400000)
 Metaspace       used 20789K, capacity 21136K, committed 21248K, reserved 1067008K
  class space    used 2930K, capacity 3053K, committed 3072K, reserved 1048576K
}
Event: 7.972 GC heap before
{Heap before GC invocations=5 (full 1):
 PSYoungGen      total 37888K, used 5101K [0x00000000e0000000, 0x00000000e2a00000, 0x0000000100000000)
  eden space 32768K, 0% used [0x00000000e0000000,0x00000000e0000000,0x00000000e2000000)
  from space 5120K, 99% used [0x00000000e2500000,0x00000000e29fb640,0x00000000e2a00000)
  to   space 5120K, 0% used [0x00000000e2000000,0x00000000e2000000,0x00000000e2500000)
 ParOldGen       total 86016K, used 8394K [0x00000000a0000000, 0x00000000a5400000, 0x00000000e0000000)
  object space 86016K, 9% used [0x00000000a0000000,0x00000000a08328d0,0x00000000a5400000)
 Metaspace       used 20789K, capacity 21136K, committed 21248K, reserved 1067008K
  class space    used 2930K, capacity 3053K, committed 3072K, reserved 1048576K
Event: 8.002 GC heap after
Heap after GC invocations=5 (full 1):
 PSYoungGen      total 37888K, used 0K [0x00000000e0000000, 0x00000000e2a00000, 0x0000000100000000)
  eden space 32768K, 0% used [0x00000000e0000000,0x00000000e0000000,0x00000000e2000000)
  from space 5120K, 0% used [0x00000000e2500000,0x00000000e2500000,0x00000000e2a00000)
  to   space 5120K, 0% used [0x00000000e2000000,0x00000000e2000000,0x00000000e2500000)
 ParOldGen       total 57344K, used 9589K [0x00000000a0000000, 0x00000000a3800000, 0x00000000e0000000)
  object space 57344K, 16% used [0x00000000a0000000,0x00000000a095d5a0,0x00000000a3800000)
 Metaspace       used 20789K, capacity 21136K, committed 21248K, reserved 1067008K
  class space    used 2930K, capacity 3053K, committed 3072K, reserved 1048576K
}
Event: 8.429 GC heap before
{Heap before GC invocations=6 (full 1):
 PSYoungGen      total 37888K, used 32768K [0x00000000e0000000, 0x00000000e2a00000, 0x0000000100000000)
  eden space 32768K, 100% used [0x00000000e0000000,0x00000000e2000000,0x00000000e2000000)
  from space 5120K, 0% used [0x00000000e2500000,0x00000000e2500000,0x00000000e2a00000)
  to   space 5120K, 0% used [0x00000000e2000000,0x00000000e2000000,0x00000000e2500000)
 ParOldGen       total 57344K, used 9589K [0x00000000a0000000, 0x00000000a3800000, 0x00000000e0000000)
  object space 57344K, 16% used [0x00000000a0000000,0x00000000a095d5a0,0x00000000a3800000)
 Metaspace       used 23564K, capacity 24000K, committed 24192K, reserved 1071104K
  class space    used 3277K, capacity 3383K, committed 3456K, reserved 1048576K
Event: 8.434 GC heap after
Heap after GC invocations=6 (full 1):
 PSYoungGen      total 37888K, used 3808K [0x00000000e0000000, 0x00000000e4d80000, 0x0000000100000000)
  eden space 32768K, 0% used [0x00000000e0000000,0x00000000e0000000,0x00000000e2000000)
  from space 5120K, 74% used [0x00000000e2000000,0x00000000e23b8080,0x00000000e2500000)
  to   space 11264K, 0% used [0x00000000e4280000,0x00000000e4280000,0x00000000e4d80000)
 ParOldGen       total 57344K, used 9597K [0x00000000a0000000, 0x00000000a3800000, 0x00000000e0000000)
  object space 57344K, 16% used [0x00000000a0000000,0x00000000a095f5a0,0x00000000a3800000)
 Metaspace       used 23564K, capacity 24000K, committed 24192K, reserved 1071104K
  class space    used 3277K, capacity 3383K, committed 3456K, reserved 1048576K
}
Event: 8.721 GC heap before
{Heap before GC invocations=7 (full 1):
 PSYoungGen      total 37888K, used 36576K [0x00000000e0000000, 0x00000000e4d80000, 0x0000000100000000)
  eden space 32768K, 100% used [0x00000000e0000000,0x00000000e2000000,0x00000000e2000000)
  from space 5120K, 74% used [0x00000000e2000000,0x00000000e23b8080,0x00000000e2500000)
  to   space 11264K, 0% used [0x00000000e4280000,0x00000000e4280000,0x00000000e4d80000)
 ParOldGen       total 57344K, used 9597K [0x00000000a0000000, 0x00000000a3800000, 0x00000000e0000000)
  object space 57344K, 16% used [0x00000000a0000000,0x00000000a095f5a0,0x00000000a3800000)
 Metaspace       used 25843K, capacity 26350K, committed 26624K, reserved 1073152K
  class space    used 3610K, capacity 3778K, committed 3840K, reserved 1048576K
Event: 8.728 GC heap after
Heap after GC invocations=7 (full 1):
 PSYoungGen      total 68608K, used 5138K [0x00000000e0000000, 0x00000000e4e80000, 0x0000000100000000)
  eden space 57344K, 0% used [0x00000000e0000000,0x00000000e0000000,0x00000000e3800000)
  from space 11264K, 45% used [0x00000000e4280000,0x00000000e47849a0,0x00000000e4d80000)
  to   space 10752K, 0% used [0x00000000e3800000,0x00000000e3800000,0x00000000e4280000)
 ParOldGen       total 57344K, used 9605K [0x00000000a0000000, 0x00000000a3800000, 0x00000000e0000000)
  object space 57344K, 16% used [0x00000000a0000000,0x00000000a09615a0,0x00000000a3800000)
 Metaspace       used 25843K, capacity 26350K, committed 26624K, reserved 1073152K
  class space    used 3610K, capacity 3778K, committed 3840K, reserved 1048576K
}
Event: 9.547 GC heap before
{Heap before GC invocations=8 (full 1):
 PSYoungGen      total 68608K, used 62482K [0x00000000e0000000, 0x00000000e4e80000, 0x0000000100000000)
  eden space 57344K, 100% used [0x00000000e0000000,0x00000000e3800000,0x00000000e3800000)
  from space 11264K, 45% used [0x00000000e4280000,0x00000000e47849a0,0x00000000e4d80000)
  to   space 10752K, 0% used [0x00000000e3800000,0x00000000e3800000,0x00000000e4280000)
 ParOldGen       total 57344K, used 9605K [0x00000000a0000000, 0x00000000a3800000, 0x00000000e0000000)
  object space 57344K, 16% used [0x00000000a0000000,0x00000000a09615a0,0x00000000a3800000)
 Metaspace       used 30180K, capacity 30738K, committed 31104K, reserved 1075200K
  class space    used 4210K, capacity 4366K, committed 4480K, reserved 1048576K
Event: 9.557 GC heap after
Heap after GC invocations=8 (full 1):
 PSYoungGen      total 68096K, used 7984K [0x00000000e0000000, 0x00000000e4e80000, 0x0000000100000000)
  eden space 57344K, 0% used [0x00000000e0000000,0x00000000e0000000,0x00000000e3800000)
  from space 10752K, 74% used [0x00000000e3800000,0x00000000e3fcc398,0x00000000e4280000)
  to   space 11264K, 0% used [0x00000000e4280000,0x00000000e4280000,0x00000000e4d80000)
 ParOldGen       total 57344K, used 9613K [0x00000000a0000000, 0x00000000a3800000, 0x00000000e0000000)
  object space 57344K, 16% used [0x00000000a0000000,0x00000000a09635a0,0x00000000a3800000)
 Metaspace       used 30180K, capacity 30738K, committed 31104K, reserved 1075200K
  class space    used 4210K, capacity 4366K, committed 4480K, reserved 1048576K
}

Deoptimization events (10 events):
Event: 9.395 Thread 0x000000001bcfe000 Uncommon trap: reason=unstable_if action=reinterpret pc=0x0000000005f34ca8 method=java.util.regex.Pattern$BmpCharProperty.match(Ljava/util/regex/Matcher;ILjava/lang/CharSequence;)Z @ 34
Event: 9.405 Thread 0x000000001bcfe000 Uncommon trap: reason=unstable_if action=reinterpret pc=0x0000000005ff02b0 method=com.sun.org.apache.xerces.internal.impl.XMLEntityScanner.peekChar()I @ 14
Event: 9.476 Thread 0x000000001bcfe000 Uncommon trap: reason=unstable_if action=reinterpret pc=0x0000000005fc3af4 method=com.sun.org.apache.xerces.internal.impl.XMLEntityScanner.checkBeforeLoad(Lcom/sun/xml/internal/stream/Entity$ScannedEntity;II)I @ 18
Event: 9.477 Thread 0x000000001bcfe000 Uncommon trap: reason=unstable_if action=reinterpret pc=0x0000000005f645e8 method=com.sun.org.apache.xerces.internal.dom.ParentNode.nodeListGetLength()I @ 11
Event: 9.604 Thread 0x000000001bcfe000 Uncommon trap: reason=unstable_if action=reinterpret pc=0x00000000060a8bbc method=com.sun.org.apache.xerces.internal.impl.XMLDocumentFragmentScannerImpl$FragmentContentDriver.next()I @ 452
Event: 9.633 Thread 0x000000001bcfe000 Uncommon trap: reason=unstable_if action=reinterpret pc=0x0000000006017e18 method=com.sun.org.apache.xerces.internal.impl.XMLEntityScanner.skipSpaces()Z @ 85
Event: 9.634 Thread 0x000000001bcfe000 Uncommon trap: reason=unstable_if action=reinterpret pc=0x0000000006026fac method=com.sun.org.apache.xerces.internal.impl.XMLEntityScanner.peekChar()I @ 51
Event: 9.634 Thread 0x000000001bcfe000 Uncommon trap: reason=unstable_if action=reinterpret pc=0x000000000602d494 method=com.sun.org.apache.xerces.internal.impl.XMLEntityScanner.scanContent(Lcom/sun/org/apache/xerces/internal/xni/XMLString;)I @ 127
Event: 9.676 Thread 0x000000001bcfe000 Uncommon trap: reason=unstable_if action=reinterpret pc=0x0000000006108264 method=com.sun.org.apache.xerces.internal.impl.XMLEntityScanner.scanData(Ljava/lang/String;Lcom/sun/org/apache/xerces/internal/util/XMLStringBuffer;)Z @ 346
Event: 9.676 Thread 0x000000001bcfe000 Uncommon trap: reason=unstable_if action=reinterpret pc=0x00000000060caaa4 method=com.sun.org.apache.xerces.internal.impl.XMLEntityScanner.scanData(Ljava/lang/String;Lcom/sun/org/apache/xerces/internal/util/XMLStringBuffer;)Z @ 923

Classes redefined (0 events):
No events

Internal exceptions (10 events):
Event: 8.993 Thread 0x000000001bcfe000 Exception <a 'java/lang/ClassNotFoundException': org/gradle/api/internal/artifacts/dsl/dependencies/DefaultDependencyHandler_DecoratedBeanInfo> (0x00000000e11462c0) thrown at [C:\re\workspace\8-2-build-windows-amd64-cygwin\jdk8u152\9742\hotspot\src\share\
Event: 8.994 Thread 0x000000001bcfe000 Exception <a 'java/lang/ClassNotFoundException': org/gradle/api/internal/artifacts/dsl/dependencies/DefaultDependencyHandlerBeanInfo> (0x00000000e1189548) thrown at [C:\re\workspace\8-2-build-windows-amd64-cygwin\jdk8u152\9742\hotspot\src\share\vm\classfi
Event: 8.994 Thread 0x000000001bcfe000 Exception <a 'java/lang/ClassNotFoundException': org/gradle/api/internal/artifacts/dsl/dependencies/DefaultDependencyHandlerCustomizer> (0x00000000e11cd4f8) thrown at [C:\re\workspace\8-2-build-windows-amd64-cygwin\jdk8u152\9742\hotspot\src\share\vm\class
Event: 8.997 Thread 0x000000001bcfe000 Exception <a 'java/lang/ClassNotFoundException': org/gradle/api/internal/artifacts/dsl/dependencies/DefaultDependencyHandler_DecoratedCustomizer> (0x00000000e1234ee8) thrown at [C:\re\workspace\8-2-build-windows-amd64-cygwin\jdk8u152\9742\hotspot\src\shar
Event: 9.010 Thread 0x000000001bcfe000 Exception <a 'java/lang/ClassNotFoundException': groovy/lang/GString$1BeanInfo> (0x00000000e1309e18) thrown at [C:\re\workspace\8-2-build-windows-amd64-cygwin\jdk8u152\9742\hotspot\src\share\vm\classfile\systemDictionary.cpp, line 210]
Event: 9.011 Thread 0x000000001bcfe000 Exception <a 'java/lang/ClassNotFoundException': groovy/lang/GStringBeanInfo> (0x00000000e1323650) thrown at [C:\re\workspace\8-2-build-windows-amd64-cygwin\jdk8u152\9742\hotspot\src\share\vm\classfile\systemDictionary.cpp, line 210]
Event: 9.011 Thread 0x000000001bcfe000 Exception <a 'java/lang/ClassNotFoundException': groovy/lang/GStringCustomizer> (0x00000000e133d700) thrown at [C:\re\workspace\8-2-build-windows-amd64-cygwin\jdk8u152\9742\hotspot\src\share\vm\classfile\systemDictionary.cpp, line 210]
Event: 9.012 Thread 0x000000001bcfe000 Exception <a 'java/lang/ClassNotFoundException': groovy/lang/GString$1Customizer> (0x00000000e1363dd0) thrown at [C:\re\workspace\8-2-build-windows-amd64-cygwin\jdk8u152\9742\hotspot\src\share\vm\classfile\systemDictionary.cpp, line 210]
Event: 9.033 Thread 0x000000001bcfe000 Exception <a 'java/lang/ClassNotFoundException': org/codehaus/groovy/runtime/GStringImplBeanInfo> (0x00000000e13b6ce8) thrown at [C:\re\workspace\8-2-build-windows-amd64-cygwin\jdk8u152\9742\hotspot\src\share\vm\classfile\systemDictionary.cpp, line 210]
Event: 9.034 Thread 0x000000001bcfe000 Exception <a 'java/lang/ClassNotFoundException': org/codehaus/groovy/runtime/GStringImplCustomizer> (0x00000000e13d8338) thrown at [C:\re\workspace\8-2-build-windows-amd64-cygwin\jdk8u152\9742\hotspot\src\share\vm\classfile\systemDictionary.cpp, line 210]

Events (10 events):
Event: 9.733 loading class org/gradle/api/internal/artifacts/ivyservice/ivyresolve/parser/PomReader$PomProfileElement
Event: 9.733 loading class org/gradle/api/internal/artifacts/ivyservice/ivyresolve/parser/PomReader$PomProfileElement done
Event: 9.733 loading class org/gradle/api/internal/artifacts/ivyservice/ivyresolve/parser/data/PomProfile
Event: 9.733 loading class org/gradle/api/internal/artifacts/ivyservice/ivyresolve/parser/data/PomProfile done
Event: 9.767 loading class org/gradle/api/internal/artifacts/ivyservice/resolveengine/excludes/PatternMatchers
Event: 9.767 loading class org/gradle/api/internal/artifacts/ivyservice/resolveengine/excludes/PatternMatchers done
Event: 9.767 loading class org/apache/ivy/plugins/matcher/PatternMatcher
Event: 9.767 loading class org/apache/ivy/plugins/matcher/PatternMatcher done
Event: 9.768 loading class org/gradle/api/internal/artifacts/ivyservice/resolveengine/excludes/ImmutableModuleExclusionSet
Event: 9.768 loading class org/gradle/api/internal/artifacts/ivyservice/resolveengine/excludes/ImmutableModuleExclusionSet done


Dynamic libraries:
0x00007ff6eb730000 - 0x00007ff6eb767000 	C:\Program Files\Java\jdk1.8.0_152\bin\java.exe
0x00007ffc262f0000 - 0x00007ffc264d0000 	C:\WINDOWS\SYSTEM32\ntdll.dll
0x00007ffc238e0000 - 0x00007ffc2398e000 	C:\WINDOWS\System32\KERNEL32.DLL
0x00007ffc23500000 - 0x00007ffc23766000 	C:\WINDOWS\System32\KERNELBASE.dll
0x00007ffc23820000 - 0x00007ffc238c1000 	C:\WINDOWS\System32\ADVAPI32.dll
0x00007ffc25ea0000 - 0x00007ffc25f3d000 	C:\WINDOWS\System32\msvcrt.dll
0x00007ffc25870000 - 0x00007ffc258cb000 	C:\WINDOWS\System32\sechost.dll
0x00007ffc258d0000 - 0x00007ffc259ef000 	C:\WINDOWS\System32\RPCRT4.dll
0x00007ffc256e0000 - 0x00007ffc2586f000 	C:\WINDOWS\System32\USER32.dll
0x00007ffc232c0000 - 0x00007ffc232e0000 	C:\WINDOWS\System32\win32u.dll
0x00007ffc252f0000 - 0x00007ffc25318000 	C:\WINDOWS\System32\GDI32.dll
0x00007ffc23360000 - 0x00007ffc234f3000 	C:\WINDOWS\System32\gdi32full.dll
0x00007ffc22a70000 - 0x00007ffc22b0b000 	C:\WINDOWS\System32\msvcp_win.dll
0x00007ffc22970000 - 0x00007ffc22a66000 	C:\WINDOWS\System32\ucrtbase.dll
0x00007ffc0f5a0000 - 0x00007ffc0f809000 	C:\WINDOWS\WinSxS\amd64_microsoft.windows.common-controls_6595b64144ccf1df_6.0.16299.309_none_15cfd4c4935e6b11\COMCTL32.dll
0x00007ffc24e70000 - 0x00007ffc25178000 	C:\WINDOWS\System32\combase.dll
0x00007ffc232e0000 - 0x00007ffc23352000 	C:\WINDOWS\System32\bcryptPrimitives.dll
0x00007ffc256b0000 - 0x00007ffc256dd000 	C:\WINDOWS\System32\IMM32.DLL
0x000000005f500000 - 0x000000005f5d2000 	C:\Program Files\Java\jdk1.8.0_152\jre\bin\msvcr100.dll
0x000000005ec60000 - 0x000000005f500000 	C:\Program Files\Java\jdk1.8.0_152\jre\bin\server\jvm.dll
0x00007ffc26090000 - 0x00007ffc26098000 	C:\WINDOWS\System32\PSAPI.DLL
0x00007ffc15a80000 - 0x00007ffc15a8a000 	C:\WINDOWS\SYSTEM32\VERSION.dll
0x00007ffc1f6e0000 - 0x00007ffc1f703000 	C:\WINDOWS\SYSTEM32\WINMM.dll
0x00007ffc11120000 - 0x00007ffc11129000 	C:\WINDOWS\SYSTEM32\WSOCK32.dll
0x00007ffc26250000 - 0x00007ffc262bc000 	C:\WINDOWS\System32\WS2_32.dll
0x00007ffc1f6b0000 - 0x00007ffc1f6da000 	C:\WINDOWS\SYSTEM32\winmmbase.dll
0x00007ffc23770000 - 0x00007ffc237ba000 	C:\WINDOWS\System32\cfgmgr32.dll
0x000000005ec50000 - 0x000000005ec5f000 	C:\Program Files\Java\jdk1.8.0_152\jre\bin\verify.dll
0x000000005ec20000 - 0x000000005ec49000 	C:\Program Files\Java\jdk1.8.0_152\jre\bin\java.dll
0x000000005ec00000 - 0x000000005ec16000 	C:\Program Files\Java\jdk1.8.0_152\jre\bin\zip.dll
0x00007ffc23a10000 - 0x00007ffc24e46000 	C:\WINDOWS\System32\SHELL32.dll
0x00007ffc25530000 - 0x00007ffc255d6000 	C:\WINDOWS\System32\shcore.dll
0x00007ffc22b70000 - 0x00007ffc232b7000 	C:\WINDOWS\System32\windows.storage.dll
0x00007ffc25180000 - 0x00007ffc251d1000 	C:\WINDOWS\System32\shlwapi.dll
0x00007ffc226d0000 - 0x00007ffc226e1000 	C:\WINDOWS\System32\kernel.appcore.dll
0x00007ffc22680000 - 0x00007ffc226cc000 	C:\WINDOWS\System32\powrprof.dll
0x00007ffc22660000 - 0x00007ffc2267b000 	C:\WINDOWS\System32\profapi.dll
0x000000005ebe0000 - 0x000000005ebfa000 	C:\Program Files\Java\jdk1.8.0_152\jre\bin\net.dll
0x00007ffc21ed0000 - 0x00007ffc21f36000 	C:\WINDOWS\system32\mswsock.dll
0x000000005ebc0000 - 0x000000005ebd1000 	C:\Program Files\Java\jdk1.8.0_152\jre\bin\nio.dll
0x00007ffc0eed0000 - 0x00007ffc0eeee000 	C:\Users\LeeBeomWoo\.gradle\native\25\windows-amd64\native-platform.dll
0x000000005ebb0000 - 0x000000005ebbd000 	C:\Program Files\Java\jdk1.8.0_152\jre\bin\management.dll
0x00007ffc22090000 - 0x00007ffc220a7000 	C:\WINDOWS\SYSTEM32\CRYPTSP.dll
0x00007ffc21ad0000 - 0x00007ffc21b03000 	C:\WINDOWS\system32\rsaenh.dll
0x00007ffc221a0000 - 0x00007ffc221c5000 	C:\WINDOWS\SYSTEM32\bcrypt.dll
0x00007ffc22570000 - 0x00007ffc22599000 	C:\WINDOWS\SYSTEM32\USERENV.dll
0x00007ffc220b0000 - 0x00007ffc220bb000 	C:\WINDOWS\SYSTEM32\CRYPTBASE.dll
0x00007ffc21c60000 - 0x00007ffc21c99000 	C:\WINDOWS\SYSTEM32\IPHLPAPI.DLL
0x00007ffc260a0000 - 0x00007ffc260a8000 	C:\WINDOWS\System32\NSI.dll
0x00007ffc1cd50000 - 0x00007ffc1cd66000 	C:\WINDOWS\SYSTEM32\dhcpcsvc6.DLL
0x00007ffc1cd30000 - 0x00007ffc1cd4a000 	C:\WINDOWS\SYSTEM32\dhcpcsvc.DLL

VM Arguments:
jvm_args: -Xmx1536m -Dfile.encoding=x-windows-949 -Duser.country=KR -Duser.language=ko -Duser.variant 
java_command: org.gradle.launcher.daemon.bootstrap.GradleDaemon 4.1
java_class_path (initial): C:\Users\LeeBeomWoo\.gradle\wrapper\dists\gradle-4.1-all\bzyivzo6n839fup2jbap0tjew\gradle-4.1\lib\gradle-launcher-4.1.jar
Launcher Type: SUN_STANDARD

Environment Variables:
JAVA_HOME=C:\Program Files\Java\jdk1.8.0_162
PATH=C:\Perl64\site\bin;C:\Perl64\bin;C:\ProgramData\Oracle\Java\javapath;C:\WINDOWS\system32;C:\WINDOWS;C:\WINDOWS\System32\Wbem;C:\WINDOWS\System32\WindowsPowerShell\v1.0\;C:\Program Files\Microsoft SQL Server\130\Tools\Binn\;C:\Program Files\dotnet\;C:\OpenSSL-Win64\;C:\Program Files (x86)\Windows Kits\10\Windows Performance Toolkit\;C:\Program Files (x86)\Common Files\Acronis\SnapAPI\;C:\Program Files\PuTTY\;C:\Program Files\CMake\bin;C:\Program Files (x86)\Tesseract-OCR;C:\Program Files\MariaDB\MariaDB Connector C 64-bit\lib\;C:\Program Files\MariaDB\MariaDB Connector C 64-bit\lib\plugin\;C:\Program Files (x86)\Xoreax\IncrediBuild;C:\Program Files\apache-maven-3.5.2\bin;C:\Program Files\Java\jdk1.8.0_162\bin;C:\OpenSSL-Win64\bin;C:\Program Files\Git\cmd;C:\metasploit-framework\bin\;C:\Users\LeeBeomWoo\AppData\Local\Microsoft\WindowsApps;E:\personal\DLL\OCR\Tesseract-OCR;C:\Program Files (x86)\UniUSB\Common
USERNAME=LeeBeomWoo
OS=Windows_NT
PROCESSOR_IDENTIFIER=Intel64 Family 6 Model 158 Stepping 9, GenuineIntel



---------------  S Y S T E M  ---------------

OS: Windows 10.0 , 64 bit Build 16299 (10.0.16299.15)

CPU:total 4 (initial active 4) (4 cores per cpu, 1 threads per core) family 6 model 158 stepping 9, cmov, cx8, fxsr, mmx, sse, sse2, sse3, ssse3, sse4.1, sse4.2, popcnt, avx, avx2, aes, clmul, erms, rtm, 3dnowpref, lzcnt, tsc, tscinvbit, bmi1, bmi2, adx

Memory: 4k page, physical 8240460k(480972k free), swap 33406284k(772k free)

vm_info: Java HotSpot(TM) 64-Bit Server VM (25.152-b16) for windows-amd64 JRE (1.8.0_152-b16), built on Sep 14 2017 02:29:36 by "java_re" with MS VC++ 10.0 (VS2010)

time: Wed Mar 28 11:57:02 2018
elapsed time: 9 seconds (0d 0h 0m 9s)

